[    0.000000] Initializing cgroup subsys cpuset
[    0.00000] Initializing cgroup susys pu
[    0.000000] Initilizing cgroup subsys cpuacct
[    0.000000] Linux version 4.4.0-124-generic (buildd@lcy01-amd64-028) (gcc version 5.4.0 20160609 (Ubuntu 5.4.0-6ubuntu1~16.04.9) ) #148-Ubuntu SMP Wed May 2 13:00:18 UTC 2018 (Ubuntu 4.4.0-124.148-generic 4.4.117)
[    0.000000] Command line: BOOT_IMAGE=/bot/vmlinuz-44.00-124-generic root=LABEL=cloudimg-rootfs ro console=tty1 console=ttyS0
[    0.000000] KERNEL supported cpus:
[    0.000000]   Intel GenuineIntel
[    0.000000]   AMD AutnticMD
[    0.000000]   Centau CentaurHaus
[   0.000000] x86/fpu: stat_offset[2]:  576, xstate_sizes[2]:  256
[    0.000000] x86/fpu: Supporting XSAVE feature 0x01: 'x87 floating point registers'
[    0.000000] x86/fpu: Supporting XSAVE feature 0x02: 'SSE registers'
[    0.000000] x86/fpu: Supportig XSAVE featur 0x04: 'AVX registers'
[    0.000000] x86/fpu: Enabled xstate features 0x7, context size is 832 bytes, using 'standard' format.
[    0.000000] x86/fpu: Using 'lazy' FPU context switches.
[    0.000000] e820: BIOS-provided physical RAM map:
[    0.000000] BIOS-e820: [mem 0x0000000000000000-0x000000000009fbff] usable
[    0.000000] BIOS-e820: [mem 0x000000000009fc00-0x000000000009ffff] reserved
[    0.000000] BIOSe820: [mem 0x0000000000f0000-0x00000000000fffff] reserved
[    0.000000] BIOS-e820: [mem 0x0000000000100000-0x000000003ffeffff] usable
[    0.000000] BIOS-e820: [mem 0x000000003fff0000-0x000000003fffffff] ACPI data
[    0.000000] BIOS-e820: [mem 0x00000000fec00000-0x00000000fec00fff] reserved
[    0.000000] BIOS-e820: [mem 0x00000000fee00000-0x00000000fee00fff] reserved
[    0.000000] BIOS-e820: [mem 0x00000000fffc0000-0x00000000ffffffff] reserved
[    0.000000] NX (Execute Disable) protection: active
[    0.000000] SMBIOS 2.5 present.
[   0.000000] Hypervisor detected: KM
[    0.000000] e820: last_pfn = 0x3fff max_arch_pfn = 0x40000000
[    0.000000] MTRR: Disabled
[    0.000000] x86/PAT: MTRRs disabled, skipping PAT initialization too.
[    0.000000] CPU MTRRs all blank - virtualized system.
[    0.000000] x86/PAT: Configuration [0-7]: WB  WT  UC- UC  WB  WT  UC- UC  
[    0.000000] found SMP MP-tableat [mem 0x0009fff0-0x009ffff] mapped at[ffff88000009fff0]
[    0.000000] Scanning 1 aras for low meory coruptin
[    0.000000] RAMDISK: [mem 0x36ad2000-0x37560fff]
[    0000000] ACPI: Early table checksum verification disabled
[    .00000] API: RSDP 0x00000000000E0000 000024 (v02 VBOX  )
[    .00000] ACP: XSDT 0x000000003FFF0030 00003C (v01 VBOX   VBOXXSDT 00000001 ASL  00000061)
[    0.000000] ACPI: FACP 0x000000003FFF00F0 0000F4 (v04 VBOX   VBOXFACP 00000001 ASL  00000061)
[    0.000000] ACPI:DSDT 0x000000003FFF0470 0021FF (v02 VBOX   VBOXBIOS 00000002 INTL 20100528)
[    0.000000] ACPI: FACS 0x000000003FFF0200 000040
[    0.000000] ACPI: FACS 0x000000003FFF0200 000040
[    0.000000] ACPI: APIC 0x000000003FFF0240 00005C (v02 VBOX   VBOXAPIC 00000001 ASL  00000061)
[    0.000000] ACPI: SSDT 0x000000003FFF02A0 0001CC (v01 VBOX   VBOXCPUT 00000002 INTL 20100528)
[    0.000000] N NUMA configuration foud
[    0.000000] Faking a node at [mem 0x0000000000000000-0x00000003ffeffff]
[    0.000000] NODE_DATA(0) allocated [mem 0x3ffeb000-0x3ffeffff]
[    0.000000] kvm-clock: Using msrs 4b564d01 and 4b564d00
[    0.000000] kvm-clock: cpu 0, msr 0:3ffe3001, primary cpu clock
[    0.000000] kvm-clock: using sched offset of 3846931155 cycles
[    .000000] clocksource: kvm-clock: mask: 0xffffffffffffffff max_cycles: 0x1cd42e4dffb, max_idle_ns: 881590591483 ns
[    .000000] Zone ranges:
[    0.000000]   DMA      [mem 0x0000000000001000-0x0000000000ffffff]
[    .000000]  DMA32   [mm 0x0000000001000000-0x000000003ffeffff]
[    .000000]   Normal   empty
[    0.000000]   Device   empty
[    0.000000] Movable zone start for each node
[    0.000000] Eaarly memory node ranges
[    0.000000]   node   0: [mem 0x0000000000001000-0x000000000009efff]
[    0.000000]   node   0: [mem 0x0000000000100000-0x000000003ffeffff]
[    0.000000] Initmem setup node 0 [mem 0x0000000000001000-0x000000003ffeffff]
[    0.000000] ACPI: PM-Timer IO Port: 0x4008
[    .000000] IOAPIC[0]: apic_id 2, versn 32, address 0xfec00000, GSI 0-23
[    .00000] ACP: INT_RC_OVR (bus 0 bus_irq 0 global_irq 2 dfl dfl)
[    0.000000] ACPI: INT_SRC_OVR (bus 0 bus_irq 9 global_irq 9 low level)
[    0.000000] Using ACPI (MADT) for SMP configuration information
[    0.000000] smpboot: Allowing 2 CPUs, 0 hotplug CPUs
[    0.000000] PM: Registered nosave memry: [em 0x0000000-0x00000fff]
[    .00000] PM:Registered nosave memory: [mem 0x0009f000-0x0009ffff]
[    .000000] PM: Registered nosave memory: [mem 0x000a0000-0x000effff]
[    0.000000] PM: Registered nosave memory: [mem 0x000f0000-0x000fffff]
[    0.000000] e820: [mem 0x40000000-0xfebfffff] available for PCI devices
[    0.000000] Booting paravirtualized kernel on KVM
[    0.000000] clocksource: refined-jiffies: mask: 0xffffffff max_cycles: 0xffffffff, max_idle_ns: 7645519600211568 ns
[    .000000] setup_percpu: NR_CPUS:512 nr_cpumask_bits:512 nr_cpu_ids:2 nr_node_ids:1
[    0.000000] PERCPU: Embedded 34 pages/cpu @ffff88003fc00000 s99544 r8192 d31528 u1048576
[    0.000000] PV qspinlock hash table entries: 256 (order: 0, 4096 bytes)
[    0.000000] Built 1 zonelists in Node order, mobility grouping on.  Total pages: 257912
[    .000000] Poicy zone: DMA32
[    .000000] Kernel command line: BOOT_IMAGE=/boot/vmlinuz-4.4.0-124-generic root=LABEL=cloudimg-rootfs ro console=tty1 console=ttyS0
[    .000000] PID hash table entries: 4096 (order: 3, 32768 bytes)
[    0.000000] Memory: 1001712K/1048120K available (8532K kernel ode, 1313K rwdata, 39996K rodata, 1508K init, 1316K bs, 46408K reserved, 0K cma-reserved)
[    .00000] SUB: HWalign=64, Order=0-3, MinObjects=0, CPUs=2, Nodes=1
[    0.000000] Kernel/User page tables isolation: enabled
[    0.000000] Hierarchical RCU implementation.
[    0.000000] 	Build-time adjustment of leaf fanout to 64.
[    0.000000] 	RCU restricting CPUs from NR_CPUS=512 to nr_cpu_ids=2.
[    0.000000] RCU: Adjusting geometry for rcu_fanout_leaf=64, nr_cpu_ids=2
[    0.000000] NR_IRQS:33024 nr_irqs:440 16
[    .00000] Console: colour VGA+ 80x25
[    .000000] console [tty1] enabled
[    0.000000] console [ttyS0] enabled
[    .000000] tsc: Detected 2800.000 MHz processor
[    1.346487] Calibrating delay loop (skipped) preset value.. 5600.00 BogoMIPS (lpj=1120000)
[    .361361] pid_max: default: 32768 minimum: 301
[    1.394026] ACPI: Core revision 20150930
[    1.396352] ACPI: 2 ACPI AML tables successfully acquired and loaded
[    1.403525] Security Framework initialized
[    1.407520] Yama: becoming mindful.
[    1.414955] AppArmor: AppArmor initialized
[    1.419753] Dentry cache hash table entries: 131072 (order: 8, 1048576 bytes)
[    1.430082] Inode-cache hash table entries: 65536 (order: 7, 524288 bytes)
[    1.433775] Mount-cache hash table entries: 2048 (order: 2, 16384 bytes)
[    1.439577] Mountpoint-cache hash table entries: 2048 (order: 2, 16384 bytes)
[    1.447569] Initializing cgroup subsys io
[    1.448998] Initializing cgroup subsys memory
[    1.451581] Initializing cgroup subsys devices
[    1.459903] Initializing cgroup subsys freezer
[    1.463914] Initializing cgroup subsys net_cls
[    1.465367] Initializing cgroup subsys perf_event
[    1.466994] Initializing cgroup subsys net_prio
[    1.473724] Initializing cgroup subsys hugetlb
[    1.475165] Initializing cgroup subsys pids
[    1.480154] CPU: Physical Processor ID: 0
[    1.483130] CPU: Processor Core ID: 0
[    1.499641] FEATURE SPEC_CTRL Not Present
[    1.509053] mce: CPU supports 0 MCE banks
[    1.512511] Last level iTLB entries: 4KB 1024, 2MB 1024, 4MB 1024
[    1.515706] Last level dTLB entries: 4KB 1024, 2MB 1024, 4MB 1024, 1GB 4
[    1.523959] Spectre V2 mitigation: Mitigation: Full generic retpoline
[    1.527428] Spectre V2 mitigation: Speculation control IBPB not-supported IBRS not-supported
[    1.534719] Freeing SMP alternatives memory: 32K
[    1.549445] ftrace: allocating 32202 entries in 126 pages
[    1.601937] smpboot: APIC(0) Converting physical 0 to logical package 0
[    1.605171] smpboot: Max logical packages: 1
[    1.611039] x2apic enabled
[    1.626951] Switched APIC routing to physical x2apic.
[    1.636478] ..TIMER: vector=0x30 apic1=0 pin1=2 apic2=-1 pin2=-1
[    1.746024] smpboot: CPU0: Intel(R) Core(TM) i7-4558U CPU @ 2.80GHz (family: 0x6, model: 0x45, stepping: 0x1)
[    1.759212] Performance Events: unsupported p6 CPU model 69 no PMU driver, software events only.
[    1.775438] KVM setup paravirtual spinlock
[    1.780242] x86: Booting SMP configuration:
[    1.783553] .... node  #0, CPUs:      #1
[    1.785127] kvm-clock: cpu 1, msr 0:3ffe3041, secondary cpu clock
[    1.787995] mce: CPU supports 0 MCE banks
[    1.797778] x86: Booted up 1 node, 2 CPUs
[    1.799494] smpboot: Total of 2 processors activated (11200.00 BogoMIPS)
[    1.802158] devtmpfs: initialized
[    1.804444] evm: security.selinux
[    1.805436] evm: security.SMACK64
[    1.806629] evm: security.SMACK64EXEC
[    1.807983] evm: security.SMACK64TRANSMUTE
[    1.809456] evm: security.SMACK64MMAP
[    1.811052] evm: security.ima
[    1.814997] evm: security.capability
[    1.816589] clocksource: jiffies: mask: 0xffffffff max_cycles: 0xffffffff, max_idle_ns: 7645041785100000 ns
[    1.825637] futex hash table entries: 512 (order: 3, 32768 bytes)
[    1.829190] pinctrl core: initialized pinctrl subsystem
[    1.832490] RTC time: 12:47:48, date: 05/26/18
[    1.835755] NET: Registered protocol family 16
[    1.849634] cpuidle: using governor ladder
[    1.869889] cpuidle: using governor menu
[    1.873033] PCCT header not found.
[    1.875154] ACPI: bus type PCI registered
[    1.877613] acpiphp: ACPI Hot Plug PCI Controller Driver version: 0.5
[    1.881438] PCI: Using configuration type 1 for base access
[    1.896902] ACPI: Added _OSI(Module Device)
[    1.904285] ACPI: Added _OSI(Processor Device)
[    1.911650] ACPI: Added _OSI(3.0 _SCP Extensions)
[    1.913476] ACPI: Added _OSI(Processor Aggregator Device)
[    1.916056] ACPI: Executed 1 blocks of module-level executable AML code
[    1.919963] ACPI: Interpreter enabled
[    1.921167] ACPI: (supports S0 S5)
[    1.922359] ACPI: Using IOAPIC for interrupt routing
[    1.923973] PCI: Using host bridge windows from ACPI; if necessary, use "pci=nocrs" and report a bug
[    1.932885] ACPI: PCI Root Bridge [PCI0] (domain 0000 [bus 00-ff])
[    1.943027] acpi PNP0A03:00: _OSC: OS supports [ASPM ClockPM Segments MSI]
[    1.948338] acpi PNP0A03:00: _OSC: not requesting OS control; OS requires [ExtendedConfig ASPM ClockPM MSI]
[    1.951745] acpi PNP0A03:00: fail to add MMCONFIG information, can't access extended PCI configuration space under this bridge.
[    1.955653] PCI host bridge to bus 0000:00
[    1.957148] pci_bus 0000:00: root bus resource [io  0x0000-0x0cf7 window]
[    1.963207] pci_bus 0000:00: root bus resource [io  0x0d00-0xffff window]
[    1.965707] pci_bus 0000:00: root bus resource [mem 0x000a0000-0x000bffff window]
[    1.968028] pci_bus 0000:00: root bus resource [mem 0x40000000-0xfdffffff window]
[    1.972048] pci_bus 0000:00: root bus resource [bus 00-ff]
[    1.985570] pci 0000:00:01.1: legacy IDE quirk: reg 0x10: [io  0x01f0-0x01f7]
[    1.999251] pci 0000:00:01.1: legacy IDE quirk: reg 0x14: [io  0x03f6]
[    2.003925] pci 0000:00:01.1: legacy IDE quirk: reg 0x18: [io  0x0170-0x0177]
[    2.015518] pci 0000:00:01.1: legacy IDE quirk: reg 0x1c: [io  0x0376]
[    2.042156] pci 0000:00:07.0: quirk: [io  0x4000-0x403f] claimed by PIIX4 ACPI
[    2.045101] pci 0000:00:07.0: quirk: [io  0x4100-0x410f] claimed by PIIX4 SMB
[    2.053991] ACPI: PCI Interrupt Link [LNKA] (IRQs 5 9 10 *11)
[    2.060517] ACPI: PCI Interrupt Link [LNKB] (IRQs 5 9 *10 11)
[    2.064759] ACPI: PCI Interrupt Link [LNKC] (IRQs 5 *9 10 11)
[    2.068692] ACPI: PCI Interrupt Link [LNKD] (IRQs 5 9 10 *11)
[    2.072840] ACPI: Enabled 2 GPEs in block 00 to 07
[    2.075272] vgaarb: setting as boot device: PCI:0000:00:02.0
[    2.083148] vgaarb: device added: PCI:0000:00:02.0,decodes=io+mem,owns=io+mem,locks=none
[    2.093730] vgaarb: loaded
[    2.098471] vgaarb: bridge control possible 0000:00:02.0
[    2.103653] SCSI subsystem initialized
[    2.107003] ACPI: bus type USB registered
[    2.110018] usbcore: registered new interface driver usbfs
[    2.111964] usbcore: registered new interface driver hub
[    2.118857] usbcore: registered new device driver usb
[    2.122569] PCI: Using ACPI for IRQ routing
[    2.124232] NetLabel: Initializing
[    2.126641] NetLabel:  domain hash size = 128
[    2.130642] NetLabel:  protocols = UNLABELED CIPSOv4
[    2.134971] NetLabel:  unlabeled traffic allowed by default
[    2.136987] amd_nb: Cannot enumerate AMD northbridges
[    2.138881] clocksource: Switched to clocksource kvm-clock
[    2.151082] AppArmor: AppArmor Filesystem Enabled
[    2.15270] pnp: PnP ACPI init
[   2.180069] pnp: PnP ACPI: found 3 devices

[    221707] clocksource: acpi_pm: mask: 0xffffff max_cycles: 0xffffff, max_idle_ns: 2085701024 ns
[    .26475] NET: Registered protocol family 2

[    2.311033] TCP established hash table entries: 8192 (order: 4, 65536 bytes)
[    2.313326] TCP bind hash table entries: 8192 (order: 5, 131072 bytes)
[    .315488] TCP: Hash tables configured (established8192 bind 8192)
[    .36252] UP has table entries: 512 (order: 2, 16384 bytes)
[    .453867] UDP-Lite hash table entries: 512 (order: 2, 16384 bytes)
[    .478316] NET: Registered protocol family 1
    2.502239] pci 0000:00:00.0: Limiting direct PCI/PCI transfers
[    2.526315] pci 0000:00:010: Acivatig ISADMA hang workarounds
[    2.617413] Unpacking initramfs...

[    4.234631] Freeing initrd memory: 10812K
[    4.236613] RAPL PMU detected, API unit is 2^-32 Joules, 4 fixed counters 10737418240 ms ovfl timer
[    4.241319] hw unit of domain pp0-core 2^-0 Joules
[    4.248113] hw unit of domain package 2^-0 Joules
[    4.253136] hw unit of domain dram 2^-0 Joules
[    4.256688] hw unit of domain pp1-gpu 2^-0 Joules
[    4.260830] platform rtc_cmos: registered platform RTC device (no PNP device found)
[    4.273322] Scanning for low memory corruption every 60 seconds
[    4.276014] audit: initializing netlink subsys (disabled)
[    4.280939] audit: type=2000 audit(1527338874.785:1): initialized
[    4.284515] Initialise system trusted keyring
[    4.289008] HugeTLB registered 2 MB page size, pre-allocated 0 pages
[    4.295317] zbud: loaded
[    4.303638] VFS: Disk quotas dquot_6.6.0
[    4.308609] VFS: Dquot-cache hash table entries: 512 (order 0, 4096 bytes)
[    4.311189] squashfs: version 4.0 (2009/01/31) Phillip Lougher
[    4.313527] fuse init (API version 7.23)
[    4.315399] Key type big_key registered
[    4.328188] Allocating IMA MOK and blacklist keyrings.
[    4.333094] Key type asymmetric registered
[    4.334282] Asymmetric key parser 'x509' registered
[    4.335568] Block layer SCSI generic (bsg) driver version 0.4 loaded (major 249)
[    4.337500] io scheduler noop registered
[    4.338510] io scheduler deadline registered (default)
[    4.339970] io scheduler cfq registered
[    4.341047] pci_hotplug: PCI Hot Plug PCI Core version: 0.5
[    4.342382] pciehp: PCI Express Hot Plug Controller Driver version: 0.4
[    4.344305] ACPI: AC Adapter [AC] (off-line)
[    4.345438] input: Power Button as /devices/LNXSYSTM:00/LNXPWRBN:00/input/input0
[    4.347303] ACPI: Power Button [PWRF]
[    4.348403] input: Sleep Button as /devices/LNXSYSTM:00/LNXSLPBN:00/input/input1
[    4.350503] ACPI: Sleep Button [SLPF]
[    4.351996] GHES: HEST is not enabled!
[    4.353102] ACPI: Battery Slot [BAT0] (battery present)
[    4.357359] Serial: 8250/16550 driver, 32 ports, IRQ sharing enabled
[    4.384654] 00:02: ttyS0 at I/O 0x3f8 (irq = 4, base_baud = 115200) is a 16550A
[    4.397119] Linux agpgart interface v0.103
[    4.400245] loop: module loaded
[    4.401670] scsi host0: ata_piix
[    4.402999] scsi host1: ata_piix
[    4.403922] ata1: PATA max UDMA/33 cmd 0x1f0 ctl 0x3f6 bmdma 0xd000 irq 14
[    4.405498] ata2: PATA max UDMA/33 cmd 0x170 ctl 0x376 bmdma 0xd008 irq 15
[    4.407266] libphy: Fixed MDIO Bus: probed
[    4.408578] tun: Universal TUN/TAP device driver, 1.6
[    4.410029] tun: (C) 1999-2004 Max Krasnyansky <maxk@qualcomm.com>
[    4.411591] PPP generic driver version 2.4.2
[    4.412779] ehci_hcd: USB 2.0 'Enhanced' Host Controller (EHCI) Driver
[    4.414296] ehci-pci: EHCI PCI platform driver
[    4.415473] ehci-platform: EHCI generic platform driver
[    4.416737] ohci_hcd: USB 1.1 'Open' Host Controller (OHCI) Driver
[    4.418172] ohci-pci: OHCI PCI platform driver
[    4.419331] ohci-platform: OHCI generic platform driver
[    4.420594] uhci_hcd: USB Universal Host Controller Interface driver
[    4.422111] i8042: PNP: PS/2 Controller [PNP0303:PS2K,PNP0f03:PS2M] at 0x60,0x64 irq 1,12
[    4.424583] serio: i8042 KBD port at 0x60,0x64 irq 1
[    4.425796] serio: i8042 AUX port at 0x60,0x64 irq 12
[    4.427273] mousedev: PS/2 mouse device common for all mice
[    4.428975] input: AT Translated Set 2 keyboard as /devices/platform/i8042/serio0/input/input2
[    4.431578] rtc_cmos rtc_cmos: rtc core: registered rtc_cmos as rtc0
[    4.433125] rtc_cmos rtc_cmos: alarms up to one day, 114 bytes nvram
[    4.434606] i2c /dev entries driver
[    4.435627] device-mapper: uevent: version 1.0.3
[    4.436878] device-mapper: ioctl: 4.34.0-ioctl (2015-10-28) initialised: dm-devel@redhat.com
[    4.438947] ledtrig-cpu: registered to indicate activity on CPUs
[    4.440791] NET: Registered protocol family 10
[    4.442083] NET: Registered protocol family 17
[    4.443304] Key type dns_resolver registered
[    4.444849] registered taskstats version 1
[    4.446266] Loading compiled-in X.509 certificates
[    4.452852] Loaded X.509 cert 'Build time autogenerated kernel key: 97a7db5071cab428e7f67f96f51ed8d32b3fc527'
[    4.458410] zswap: loaded using pool lzo/zbud
[    4.462294] Key type trusted registered
[    4.472806] Key type encrypted registered
[    4.474353] AppArmor: AppArmor sha1 policy hashing enabled
[    4.480412] ima: No TPM chip found, activating TPM-bypass!
[    4.484334] evm: HMAC attrs: 0x1
[    4.488966]   Magic number: 2:456:785
[    4.499876] rtc_cmos rtc_cmos: setting system clock to 2018-05-26 12:47:51 UTC (1527338871)
[    4.505678] BIOS EDD facility v0.16 2004-Jun-25, 0 devices found
[    4.512487] EDD information not available.
[    4.564080] Freeing unused kernel memory: 1508K
[    4.570414] Write protecting the kernel read-only data: 14336k
[    4.575401] Freeing unused kernel memory: 1696K
[    4.583575] Freeing unused kernel memory: 100K
Loading, please wait...
starting version[    4.606357] random: systemd-udevd: uninitialized urandom read (16 bytes read, 3 bits of entropy available)
 229
[    4.608581] random: udevadm: uninitialized urandom read (16 bytes read, 3 bits of entropy available)
[    4.608601] random: udevadm: uninitialized urandom read (16 bytes read, 3 bits of entropy available)
[    4.616527] random: udevadm: uninitialized urandom read (16 bytes read, 3 bits of entropy available)
[    4.616581] random: udevadm: uninitialized urandom read (16 bytes read, 3 bits of entropy available)
[    4.616746] random: udevadm: uninitialized urandom read (16 bytes read, 3 bits of entropy available)
[    4.616816] random: udevadm: uninitialized urandom read (16 bytes read, 3 bits of entropy available)
[    4.616879] random: udevadm: uninitialized urandom read (16 bytes read, 3 bits of entropy available)
[    4.616943] random: udevadm: uninitialized urandom read (16 bytes read, 3 bits of entropy available)
[    4.617007] random: udevadm: uninitialized urandom read (16 bytes read, 3 bits of entropy available)
[    4.690395] Fusion MPT base driver 3.04.20
[    4.691804] Copyright (c) 1999-2008 LSI Corporation
[    4.693908] e1000: Intel(R) PRO/1000 Network Driver - version 7.3.21-k8-NAPI
[    4.696143] e1000: Copyright (c) 1999-2006 Intel Corporation.
[    4.719853] Fusion MPT SPI Host driver 3.04.20
[    4.723503] AVX2 version of gcm_enc/dec engaged.
[    4.725102] AES CTR mode by8 optimization enabled
[    4.918870] input: ImExPS/2 Generic Explorer Mouse as /devices/platform/i8042/serio1/input/input4
[    5.092830] e1000 0000:00:03.0 eth0: (PCI:33MHz:32-bit) 02:a3:be:24:b1:4f
[    5.094791] e1000 0000:00:03.0 eth0: Intel(R) PRO/1000 Network Connection
[    5.101992] mptbase: ioc0: Initiating bringup
[    5.102634] e1000 0000:00:03.0 enp0s3: renamed from eth0
[    5.183596] ioc0: LSI53C1030 A0: Capabilities={Initiator}
[    5.845164] tsc: Refined TSC clocksource calibration: 2801.047 MHz
[    5.847079] clocksource: tsc: mask: 0xffffffffffffffff max_cycles: 0x28601dec4be, max_idle_ns: 440795281090 ns
[    6.734977] scsi host2: ioc0: LSI53C1030 A0, FwRev=00000000h, Ports=1, MaxQ=256, IRQ=20
[    6.963451] scsi 2:0:0:0: Direct-Access     VBOX     HARDDISK         1.0  PQ: 0 ANSI: 5
[    6.969406] scsi target2:0:0: Beginning Domain Validation
[    6.986269] scsi target2:0:0: Domain Validation skipping write tests
[    6.987906] scsi target2:0:0: Ending Domain Validation
[    6.997656] scsi target2:0:0: asynchronous
[    7.004836] scsi 2:0:1:0: Direct-Access     VBOX     HARDDISK         1.0  PQ: 0 ANSI: 5
[    7.009750] scsi target2:0:1: Beginning Domain Validation
[    7.146519] scsi target2:0:1: Domain Validation skipping write tests
[    7.148530] scsi target2:0:1: Ending Domain Validation
[    7.150222] scsi target2:0:1: asynchronous
[    7.158831] sd 2:0:0:0: Attached scsi generic sg0 type 0
[    7.160284] sd 2:0:0:0: [sda] 20971520 512-byte logical blocks: (10.7 GB/10.0 GiB)
[    7.165174] sd 2:0:1:0: [sdb] 20480 512-byte logical blocks: (10.5 MB/10.0 MiB)
[    7.167740] sd 2:0:1:0: Attached scsi generic sg1 type 0
[    7.172622] sd 2:0:0:0: [sda] Write Protect is off
[    7.172732] sd 2:0:1:0: [sdb] Write Protect is off
[    7.172879] sd 2:0:1:0: [sdb] Incomplete mode parameter data
[    7.172880] sd 2:0:1:0: [sdb] Assuming drive cache: write through
[    7.186336] sd 2:0:0:0: [sda] Incomplete mode parameter data
[    7.188118] sd 2:0:0:0: [sda] Assuming drive cache: write through
[    7.192432]  sda: sda1
[    7.197090] sd 2:0:1:0: [sdb] Attached SCSI disk
[    7.201057] sd 2:0:0:0: [sda] Attached SCSI disk
Begin: Loading essential drivers ... [    8.541198] md: linear personality registered for level -1
[    8.558067] md: multipath personality registered for level -4
[    8.585574] md: raid0 personality registered for level 0
[    8.589877] md: raid1 personality registered for level 1
[    8.662994] raid6: sse2x1   gen() 10102 MB/s
[    8.731298] raid6: sse2x1   xor()  7675 MB/s
[    8.799706] raid6: sse2x2   gen() 12196 MB/s
[    8.869344] raid6: sse2x2   xor()  8804 MB/s
[    8.935323] raid6: sse2x4   gen() 14582 MB/s
[    9.008589] raid6: sse2x4   xor() 10615 MB/s
[    9.079013] raid6: avx2x1   gen() 19705 MB/s
[    9.147097] raid6: avx2x2   gen() 22490 MB/s
[    9.222999] raid6: avx2x4   gen() 25967 MB/s
[    9.224555] raid6: using algorithm avx2x4 gen() 25967 MB/s
[    9.234506] raid6: using avx2x2 recovery algorithm
[    9.245874] xor: automatically using best checksumming function:
[    9.287111]    avx       : 20139.000 MB/sec
[    9.295571] async_tx: api initialized (async)
[    9.303317] md: raid6 personality registered for level 6
[    9.305111] md: raid5 personality registered for level 5
[    9.306878] md: raid4 personality registered for level 4
[    9.318844] md: raid10 personality registered for level 10
done.
Begin: Running /scripts/init-premount ... done.
Begin: Mounting root file system ... Begin: Running /scripts/local-top ... done.
Begin: Running /scripts/local-premount ... [    9.352271] Btrfs loaded
Scanning for Btrfs filesystems
done.
Warning: fsck not present, so sk[    9.388776] EXT4-fs (sda1): INFO: recovery required on readonly filesystem
ipping root file[    9.397685] EXT4-fs (sda1): write access will be enabled during recovery
 system
[    9.454672] EXT4-fs (sda1): orphan cleanup on readonly fs
[    9.463255] EXT4-fs (sda1): 6 orphan inodes deleted
[    9.473371] EXT4-fs (sda1): recovery complete
[    9.477632] EXT4-fs (sda1): mounted filesystem with ordered data mode. Opts: (null)
done.
Begin: Running /scripts/local-bottom ... done.
Begin: Running /scripts/init-bottom ... done.
[    9.595665] systemd[1]: systemd 229 running in system mode. (+PAM +AUDIT +SELINUX +IMA +APPARMOR +SMACK +SYSVINIT +UTMP +LIBCRYPTSETUP +GCRYPT +GNUTLS +ACL +XZ -LZ4 +SECCOMP +BLKID +ELFUTILS +KMOD -IDN)
[    9.620596] systemd[1]: Detected virtualization oracle.
[    9.625397] systemd[1]: Detected architecture x86-64.

Welcome to [1mUbuntu 16.04.4 LTS[0m!

[    9.639931] systemd[1]: Set hostname to <ubuntu-xenial>.
[    9.814056] systemd[1]: Listening on Device-mapper event daemon FIFOs.
[[0;32m  OK  [0m] Listening on Device-mapper event daemon FIFOs.
[    9.818370] systemd[1]: Created slice User and Session Slice.
[[0;32m  OK  [0m] Created slice User and Session Slice.
[    9.823635] systemd[1]: Set up automount Arbitrary Executable File Formats File System Automount Point.
[[0;32m  OK  [0m] Set up automount Arbitrary Executab...ats File System Automount Point.
[    9.829935] systemd[1]: Listening on Journal Audit Socket.
[[0;32m  OK  [0m] Listening on Journal Audit Socket.
[    9.834177] systemd[1]: Started Forward Password Requests to Wall Directory Watch.
[[0;32m  OK  [0m] Started Forward Password Requests to Wall Directory Watch.
[    9.839576] systemd[1]: Listening on udev Kernel Socket.
[[0;32m  OK  [0m] Listening on udev Kernel Socket.
[    9.843333] systemd[1]: Reached target System Time Synchronized.
[[0;32m  OK  [0m] Reached target System Time Synchronized.
[    9.847408] systemd[1]: Reached target User and Group Name Lookups.
[[0;32m  OK  [0m] Reached target User and Group Name Lookups.
[  9.89312] systmd[1]:Reachd target Encrypted Volumes.
[[0;32m  OK  [0m] Reached target Encrypted Volumes.
[   10.171263] systemd[1]: Listening on LVM2 metadata daemon socket.
[[0;32m  OK  [0m] Listening on LVM2 metadata daemon socket.
[  10.219259]systed[1]: istening on LVM2 poll daemon socket.
[[0;32m  OK  [0m] Listening on LVM2 poll daemon socket.
[  10.43354] ysted[1]: eachedtarget Swap.
[[0;32m  OK  [0m] Reached target Swap.
[   10.843156] systemd[1]: Listening on Journal Socket.
[[0;32m  OK  [0m] Listening on Journal Socket.
[   11.133526] systemd[1]: Listening on udev Control Socket.
[[0;32m  OK  [0m] Listening on udev Control Socket.
[   11.156743] systemd[1]: Litenin on /dev/initctl Compatibility Named Pipe.
[[0;32m  OK  [0m] Listening on /dev/initctl Compatibility Named Pipe.
[  11.48348] sstemd[1]: Created slice System Slice.
[[0;32m  OK  [0m] Created slice System Slice.
[   11.875453] systemd[1]: Mounting Debug File System...
         Mounting Debug File System...
[  11.92879] systemd[1]: eated slice system-serial\x2dgetty.slice.

[[0;32m  OK  [0m] Created slice system-serial\x2dgetty.slice.
[   12.107759] systemd[1]: Starting Nameserver information manager...
         Starting Nameserver information manager...
[   12.124971] systemd[1]: Mounting Huge Pages File System...
         Mounting Huge Pages File System...
[   12.140392] systemd[1]: Starting Set console keymap...
         Starting Set console keymap...
[   12.155280] systemd[1]: Mounting POSIX Message Queue File System...
         Mounting POSIX Message Queue File System...
[   12.164812] systemd[1]: Starting Monitoring of LVM2 mirrors, snapshots etc. using dmeventd or progress polling...
         Starting Monitoring of LVM2 mirrors... dmeventd or progress polling...
[   12.173367] systemd[1]: Starting Remount Root and Kernel File Systems...
         Starting Remount[   12.183193] EXT4-fs (sda1): re-mounted. Opts: (null)
 Root and Kernel File Systems...
[   12.208054] systemd[1]: Starting Create list of required static device nodes for the current kernel...
         Starting Create list of required st... nodes for the current kernel...
[   12.247884] systemd[1]: Starting Load Kernel Modules...
         Starting Load Kernel Modules...
[   12.257774] systemd[1]: Starting Uncomplicated firewall...
         [   12.268653] Loading iSCSI transport class v2.0-870.
Starting Uncomplicated firewall...
[   12.295014] systemd[1]: Reached target Slices.
[[0;32m  OK  [0m] Reached target Slices.
[   12.299830] systemd[1]: Started Trigger resolvconf update for networkd DNS.
[[0;32m  OK  [0m] Started Trigger resolvconf update for networkd DNS.
[   12.304408] iscsi: registered transport (tcp)
[   12.305870] systemd[1]: Listening on Syslog Socket.
[[0;32m  OK  [0m] Listening on Syslog Socket.
[   12.312375] systemd[1]: Listening on Journal Socket (/dev/log).
[[0;32m  OK  [0m] Listening on Journal Socket (/dev/log).
[   12.335210] systemd[1]: Starting Journal Service...
         Starting Journal Service...
[   12.341011] iscsi: registered transport (iser)
[   12.341548] systemd[1]: Mounted Huge Pages File System.
[[0;32m  OK  [0m] Mounted Huge Pages File System.
[   12.357292] systemd[1]: Mounted POSIX Message Queue File System.
[[0;32m  OK  [0m] Mounted POSIX Message Queue File System.
[   12.362264] systemd[1]: Mounted Debug File System.
[[0;32m  OK  [0m] Mounted Debug File System.
[   12.371425] systemd[1]: Started Journal Service.
[[0;32m  OK  [0m] Started Journal Service.
[[0;32m  OK  [0m] Started Set console keymap.
[[0;32m  OK  [0m] Started Remount Root and Kernel File Systems.
[[0;32m  OK  [0m] Started Create list of required sta...ce nodes for the current kernel.
[[0;32m  OK  [0m] Started Load Kernel Modules.
[[0;32m  OK  [0m] Started Uncomplicated firewall.
[[0;32m  OK  [0m] Started Nameserver information manager.
[   12.556102] random: nonblocking pool is initialized
[[0;32m  OK  [0m] Started LVM2 metadata daemon.
         Starting Apply Kernel Variables...
         Mounting FUSE Control File System...
         Starting Create Static Device Nodes in /dev...
         Starting Load/Save Random Seed...
         Starting udev Coldplug all Devices...
         Starting Flush Journal to Persistent Storage...
[[0;32m  OK  [0m] Mounted FUSE Control File System.
[[0;32m  OK  [0m] Started Load/Save Random Seed.
[[0;32m  OK  [0m] Started Apply Kernel Variables.
[[0;32m  OK  [0m] Started Create Static Device Nodes in /dev.
         Starting udev Kernel Device Manager...
[[0;32m  OK  [0m] Started Flush Journal to Persistent Storage.
[[0;32m  OK  [0m] Started udev Coldplug all Devices.
[[0;32m  OK  [0m] Started udev Kernel Device Manager.
[[0;32m  OK  [0m] Started Dispatch Password Requests to Console Directory Watch.
[[0;32m  OK  [0m] Found device /dev/ttyS0.
[[0;32m  OK  [0m] Started Monitoring of LVM2 mirrors,...ng dmeventd or progress polling.
[[0;32m  OK  [0m] Reached target Local File Systems (Pre).
[[0;32m  OK  [0m] Reached target Local File Systems.
         Starting Initial cloud-init job (pre-networking)...
         Starting Set console font and keymap...
         Starting Tell Plymouth To Write Out Runtime Data...
         Starting Create Volatile Files and Directories...
         Starting LSB: AppArmor initialization...
[[0;32m  OK  [0m] Started Tell Plymouth To Write Out Runtime Data.
[[0;32m  OK  [0m] Started Create Volatile Files and Directories.
         Starting Update UTMP about System Boot/Shutdown...
[[0;32m  OK  [0m] Started Update UTMP about System Boot/Shutdown.
[[0;32m  OK  [0m] Started LSB: AppArmor initialization.
[[0;32m  OK  [0m] Found device 82540EM Gigabit Ethern...r (PRO/1000 MT Desktop Adapter).
[[0;32m  OK  [0m] Listening on Load/Save RF Kill Switch Status /dev/rfkill Watch.
[   12.124324] cloud-init[520]: Cloud-init v. 18.2 running 'init-local' at Sat, 26 May 2018 12:48:00 +0000. Up 11.88 seconds.
[[0;32m  OK  [0m] Started Initial cloud-init job (pre-networking).
[[0;32m  OK  [0m] Reached target Network (Pre).
[[0;32m  OK  [0m] Started ifup for enp0s3.
         Starting Raise network interfaces...
[[0;32m  OK  [0m] Started Set console font and keymap.
[[0;32m  OK  [0m] Created slice system-getty.slice.
[[0;32m  OK  [0m] Started Raise network interfaces.
         Starting Initial cloud-init job (metadata service crawler)...
[[0;32m  OK  [0m] Reached target Network.
[   13.021758] cloud-init[956]: Cloud-init v. 18.2 running 'init' at Sat, 26 May 2018 12:48:01 +0000. Up 12.74 seconds.
[   13.044646] cloud-init[956]: ci-info: +++++++++++++++++++++++++++++++++++++Net device info++++++++++++++++++++++++++++++++++++++
[   13.084769] [[0;32m  OK  [0m] Started Initial cloud-init job (metadata service crawler).
[[0;32m  OK  [0m] Reached target Network is Online.
cloud-init[956]: ci-info: +--------+------+----------------------------+---------------+-------+-------------------+
[   13.128741]          Starting iSCSI initiator daemon (iscsid)...
[[0;32m  OK  [0m] Reached target System Initialization.
cloud-init[956]: ci-info: | Device |  Up  |          Address           |      Mask     | Scope |     Hw-Address    |
[   13.185644] [cloud-init[0;32m  OK  [0m[956]: ] ci-info: +--------+------+----------------------------+---------------+-------+-------------------+Started Daily apt download activities.

[   13.292354]          Starting Socket activation for snappy daemon.
[cloud-init[0;32m  OK  [0m[956]: ] ci-info: | enp0s3 | True |         10.0.2.15          | 255.255.255.0 |   .   | 02:a3:be:24:b1:4f |Listening on D-Bus System Message Bus Socket.

[[0;32m  OK  [0m] Listening on ACPID Listen Socket.
[[0;32m  OK  [0m] Started Daily Cleanup of Temporary Directories.
         Starting LXD - unix socket.
[[0;32m  OK  [0m] Listening on UUID daemon activation socket.
[   13.294755] cloud-init[956]: ci-info: | enp0s3 | True | fe80::a3:beff:fe24:b14f/64 |       .       |  link | 02:a3:be:24:b1:4f |
[   13.428532] [[0;32m  OK  [0m] Started ACPI Events Check.
[[0;32m  OK  [0m] Reached target Paths.
cloud-init[956]: ci-info: |   lo   | True |         127.0.0.1          |   255.0.0.0   |   .   |         .         |
[[0;32m  OK  [0m] Started Daily apt upgrade and clean activities.
[[0;32m  OK  [0m] Reached target Timers.
[   13.431189] cloud-init[956]: ci-info: |   lo   | True |          ::1/128           |       .       |  host |         .         |
[[0;32m  OK  [0m] Reached target Cloud-config availability.
[   13.487195] cloud-init[956]: ci-info: +--------+------+----------------------------+---------------+-------+-------------------+
[[   13.535276] cloud-init[956]: ci-info: +++++++++++++++++++++++++++Route IPv4 info++++++++++++++++++++++++++++
[   13.536101] cloud-init[956]: ci-info: +-------+-------------+----------+---------------+-----------+-------+
[0;32m  OK  [0m] Listening on Socket activation for snappy daemon.
[   13.537403] cloud-init[956]: ci-info: | Route | Destination | Gateway  |    Genmask    | Interface | Flags |
[   13.549210] cloud-init[956]: ci-info: +-------+-------------+----------+---------------+-----------+-------+
[[0;32m  OK  [0m] Listening on LXD - unix socket.
[[   13.549593] cloud-init[956]: ci-info: |   0   |   0.0.0.0   | 10.0.2.2 |    0.0.0.0    |   enp0s3  |   UG  |
[   13.595573] cloud-init[956]: ci-info: |   1   |   10.0.2.0  | 0.0.0.0  | 255.255.255.0 |   enp0s3  |   U   |
[0;32m  OK  [0m] Started iSCSI initiator daemon (iscsid).
[   13.598143] cloud-init[956]: ci-info: +-------+-------------+----------+---------------+-----------+-------+
         Starting Login to default iSCSI targets...
[[0;32m  OK  [0m] Reached target Sockets.
[[0;32m  OK  [0m] Reached target Basic System.
         Starting MySQL Community Server...
[[0;32m  OK  [0m] Started Regular background program processing daemon.
[[0;32m  OK  [0m] Started Deferred execution scheduler.
         Starting LXD - container startup/shutdown...
[[0;32m  OK  [0m] Started ACPI event daemon.
         Starting LSB: MD monitoring daemon...
         Starting Login Service...
         Starting Virtualbox guest utils...
         Starting Apply the settings specified in cloud-config...
         Starting Snappy daemon...
         Starting OpenBSD Secure Shell server...
         Starting LSB: Record successful boot for GRUB...
[[0;32m  OK  [0m] Started Unattended Upgrades Shutdown.
[[0;32m  OK  [0m] Started FUSE filesystem for LXC.
         Starting System Logging Service...
         Starting /etc/rc.local Compatibility...
[[0;32m  OK  [0m] Started D-Bus System Message Bus.
         Starting Accounts Service...
[[0;32m  OK  [0m] Started System Logging Service.
[[0;32m  OK  [0m] Started OpenBSD Secure Shell server.
[[0;32m  OK  [0m] Started LXD - container startup/shutdown.
[[0;32m  OK  [0m] Started /etc/rc.local Compatibility.
[[0;32m  OK  [0m] Started Login to default iSCSI targets.
[[0;32m  OK  [0m] Started LSB: MD monitoring daemon.
[[0;32m  OK  [0m] Started Snappy daemon.
[[0;32m  OK  [0m] Started LSB: Record successful boot for GRUB.
[[0;32m  OK  [0m] Started Login Service.
         Starting Authenticate and Authorize Users to Run Privileged Tasks...
[[0;32m  OK  [0m] Reached target Remote File Systems (Pre).
[[0;32m  OK  [0m] Reached target Remote File Systems.
         Starting Permit User Sessions...
         Starting LSB: Set the CPU Frequency Scaling governor to "ondemand"...
         Starting LSB: automatic crash report generation...
         Starting LSB: daemon to balance interrupts for SMP systems...
         Starting LSB: Apache2 web server...
[[0;32m  OK  [0m] Started Virtualbox guest utils.
[[0;32m  OK  [0m] Started Permit User Sessions.
[[0;32m  OK  [0m] Started LSB: Set the CPU Frequency Scaling governor to "ondemand".
[[0;32m  OK  [0m] Started Authenticate and Authorize Users to Run Privileged Tasks.
[[0;32m  OK  [0m] Started Accounts Service.
[[0;32m  OK  [0m] Started LSB: daemon to balance interrupts for SMP systems.
[[0;32m  OK  [0m] Started LSB: automatic crash report generation.
         Starting Terminate Plymouth Boot Screen...
         Starting Hold until boot process finishes up...
[[0;32m  OK  [0m] Started Terminate Plymouth Boot Screen.
[[0;32m  OK  [0m] Started Hold until boot process finishes up.
[[0;32m  OK  [0m] Started Getty on tty1.
         Starting Set console scheme...
[[0;32m  OK  [0m] Started Serial Getty on ttyS0.
[[0;32m  OK  [0m] Reached target Login Prompts.
[[0;32m  OK  [0m] Started Set console scheme.
[   14.653713] cloud-init[1043]: Cloud-init v. 18.2 running 'modules:config' at Sat, 26 May 2018 12:48:03 +0000. Up 14.49 seconds.
[[0;32m  OK  [0m] Started Apply the settings specified in cloud-config.
[[0;32m  OK  [0m] Started MySQL Community Server.
[[0;32m  OK  [0m] Started LSB: Apache2 web server.
[[0;32m  OK  [0m] Reached target Multi-User System.
[[0;32m  OK  [0m] Reached target Graphical Interface.
         Starting Execute cloud user/final scripts...
         Starting Update UTMP about System Runlevel Changes...
[[0;32m  OK  [0m] Started Update UTMP about System Runlevel Changes.
[   15.962498] cloud-init[1259]: Cloud-init v. 18.2 running 'modules:final' at Sat, 26 May 2018 12:48:04 +0000. Up 15.81 seconds.
[   15.967085] cloud-init[1259]: Cloud-init v. 18.2 finished at Sat, 26 May 2018 12:48:04 +0000. Datasource DataSourceNoCloud [seed=/dev/sdb][dsmode=net].  Up 15.95 seconds
[[0;32m  OK  [0m] Started Execute cloud user/final scripts.
[[0;32m  OK  [0m] Reached target Cloud-init target.

Ubuntu 16.04.4 LTS ubuntu-xenial ttyS0

ubuntu-xenial login: 